MY PIN: 2129090456418914
Submissions so far: 8 (Last submission: 11/21/2021::22:28:00)

Cosine Similarity:
    test5:      0.840065024384144
    test10:     0.7925
    test20:     0.773512105720073
    OVERALL:    0.800032835330816

Cosine Similarity (v2):
    test5:      0.8240590221333
    test10:     0.789166666666667
    test20:     0.76936432912125
    OVERALL:    0.792193400098506

Pearson Correlation (Incorrect no-neighbor edge case of defaulting to 3 instead of test user's average rating):
    test5:      0.877954232837314
    test10:     0.816166666666667
    test20:     0.774187325166393
    OVERALL:    0.818584797241832

Pearson Correlation (Corrected):
    test5:      0.87757909215956
    test10:     0.816333333333333
    test20:     0.774283785087296
    OVERALL:    0.818543753078312

IUF:
    test5:      1.23346254845567
    test10:     1.31816666666667
    test20:     1.35391144979261
    OVERALL:    1.30557379740601

Case Modification:
    test5:      0.880705264474178
    test10:     0.831833333333333
    test20:     0.806597858589756
    OVERALL:    0.837136759152848

Item-Based CF (adjusted cosine similarity):
    test5:      0.880705264474178
    test10:     0.831833333333333
    test20:     0.806597858589756
    OVERALL:    0.837136759152848
