example_result10 shape:	(6000, 3)
example_result20 shape:	(10367, 3)
example_result5 shape:	(7997, 3)
test10 shape:	(7000, 3)
(1000, 3)
(6000, 3)
test20 shape:	(12367, 3)
(2000, 3)
(10367, 3)
test5 shape:	(8497, 3)
(500, 3)
(7997, 3)
train shape:	(200, 1000)
['test10', 'test20', 'test5']
Test Sizes:	{'test10': 10, 'test20': 20, 'test5': 5}
outputFileNames: ['result10.txt', 'result20.txt', 'result5.txt']
Test Prediction test10 shape matches corresponding example test file example_result10 shape:	YES
Test Prediction test20 shape matches corresponding example test file example_result20 shape:	YES
Test Prediction test5 shape matches corresponding example test file example_result5 shape:	YES
Test file test10 Knowns correctly split:	YES
Test file test10 Predictions correctly split:	YES
Test file test20 Knowns correctly split:	YES
Test file test20 Predictions correctly split:	YES
Test file test5 Knowns correctly split:	YES
Test file test5 Predictions correctly split:	YES
