file 'test10.txt' total num_known: [1000] + total num_predict: [6000] = [7000] == number of lines in file: 7000
file 'test20.txt' total num_known: [2000] + total num_predict: [10367] = [12367] == number of lines in file: 12367
file 'test5.txt' total num_known: [500] + total num_predict: [7997] = [8497] == number of lines in file: 8497
['result10_v2.txt', 'result20_v2.txt', 'result5_v2.txt']
array([[2.5999999 ],
       [2.9000001 ],
       [3.9000001 ],
       [4.80000019],
       [3.29999995],
       [3.5999999 ],
       [3.5999999 ],
       [3.9000001 ],
       [3.29999995],
       [3.        ],
       [3.70000005],
       [4.19999981],
       [3.5999999 ],
       [3.9000001 ],
       [4.0999999 ],
       [3.5       ],
       [3.79999995],
       [4.4000001 ],
       [3.        ],
       [3.5       ],
       [3.9000001 ],
       [2.79999995],
       [3.9000001 ],
       [2.5       ],
       [2.79999995],
       [4.0999999 ],
       [3.5999999 ],
       [4.4000001 ],
       [3.79999995],
       [3.5999999 ],
       [4.5       ],
       [4.        ],
       [4.        ],
       [3.70000005],
       [3.0999999 ],
       [3.79999995],
       [4.19999981],
       [4.5       ],
       [4.19999981],
       [3.0999999 ],
       [4.19999981],
       [3.5       ],
       [3.79999995],
       [3.4000001 ],
       [3.9000001 ],
       [4.        ],
       [3.79999995],
       [4.19999981],
       [3.9000001 ],
       [4.        ],
       [3.70000005],
       [3.70000005],
       [4.        ],
       [3.        ],
       [4.30000019],
       [3.29999995],
       [3.79999995],
       [4.        ],
       [4.        ],
       [3.29999995],
       [3.0999999 ],
       [3.79999995],
       [3.0999999 ],
       [4.4000001 ],
       [4.        ],
       [3.        ],
       [3.79999995],
       [2.79999995],
       [3.79999995],
       [4.0999999 ],
       [4.0999999 ],
       [4.        ],
       [3.70000005],
       [3.70000005],
       [3.9000001 ],
       [3.70000005],
       [4.5       ],
       [3.20000005],
       [3.79999995],
       [3.5       ],
       [4.5999999 ],
       [4.        ],
       [3.0999999 ],
       [3.70000005],
       [3.29999995],
       [4.5       ],
       [3.9000001 ],
       [3.79999995],
       [3.79999995],
       [3.9000001 ],
       [3.70000005],
       [4.5       ],
       [3.9000001 ],
       [3.5       ],
       [3.79999995],
       [3.70000005],
       [3.20000005],
       [3.5999999 ],
       [2.70000005],
       [4.19999981]])
total num_known for train:	[3392]
traing Dataset has a fill factor of 0.01696
